#
# A fatal error has been detected by the Java Runtime Environment:
#
#  SIGSEGV (0xb) at pc=0x0000000119430645, pid=1501, tid=0x0000000000000307
#
# JRE version: Java(TM) SE Runtime Environment (8.0_171-b11) (build 1.8.0_171-b11)
# Java VM: Java HotSpot(TM) 64-Bit Server VM (25.171-b11 mixed mode bsd-amd64 compressed oops)
# Problematic frame:
# C  [libglass.dylib+0x5645]  -[GlassApplication applicationWillHide:]+0xd5
#
# Failed to write core dump. Core dumps have been disabled. To enable core dumping, try "ulimit -c unlimited" before starting Java again
#
# If you would like to submit a bug report, please visit:
#   http://bugreport.java.com/bugreport/crash.jsp
#

---------------  T H R E A D  ---------------

Current thread is native thread

siginfo: si_signo: 11 (SIGSEGV), si_code: 1 (SEGV_MAPERR), si_addr: 0x0000000000000000

Registers:
RAX=0x00007faa7347b860, RBX=0x0000000000000000, RCX=0x0000000000000008, RDX=0x0000000000000000
RSP=0x00007ffeee97fd00, RBP=0x00007ffeee980130, RSI=0x00007fff3ed3c598, RDI=0x00007faa73803088
R8 =0x0000000000000000, R9 =0x00007faa7347b860, R10=0x00007fff98fac2c0, R11=0x00007faa7340b8a0
R12=0x00007fff6b76c680, R13=0x0000000000000000, R14=0x00007faa7354b720, R15=0x00007faa7347b860
RIP=0x0000000119430645, EFLAGS=0x0000000000010202, ERR=0x0000000000000004
  TRAPNO=0x000000000000000e

Top of Stack: (sp=0x00007ffeee97fd00)
0x00007ffeee97fd00:   00000001194305e5 00007fff40b96af6
0x00007ffeee97fd10:   00007fff40b96a70 00007fff40b969da
0x00007ffeee97fd20:   00007fff40b9ee88 00007fff40b078d4
0x00007ffeee97fd30:   00007fff40b06c87 00007fff42d7f217
0x00007ffeee97fd40:   00007fff3e1f5c13 00007fff3e1f5a7d
0x00007ffeee97fd50:   00007fff3fe1da6e 00007fff3fe1ce1f
0x00007ffeee97fd60:   00007fff3fe39fc6 00007fff3e1ba519
0x00007ffeee97fd70:   00007fff3e1b8d93 00007fff3e1b2eb0
0x00007ffeee97fd80:   0000000118b40f72 000000011dcdf11f
0x00007ffeee97fd90:   00007fff42e1d972 00007fff40b505e3
0x00007ffeee97fda0:   00007fff40b50589 00007fff40b33f3b
0x00007ffeee97fdb0:   00007fff40b33505 00007fff40b32e0e
0x00007ffeee97fdc0:   0000000101281472 000000010127d07c
0x00007ffeee97fdd0:   00000001012834cf 000000010127c8d4
0x00007ffeee97fde0:   0000000000000000 0000000000000000
0x00007ffeee97fdf0:   0000000000000000 0000000000000000
0x00007ffeee97fe00:   0000000000000000 0000000000000000
0x00007ffeee97fe10:   0000000000000000 0000000000000000
0x00007ffeee97fe20:   0000000000000000 0000000000000000
0x00007ffeee97fe30:   0000000000000000 0000000000000000
0x00007ffeee97fe40:   0000000000000000 00007fff6d154901
0x00007ffeee97fe50:   0000000000000000 0000000000000000
0x00007ffeee97fe60:   0000000000000005 00007fff98b1b308
0x00007ffeee97fe70:   000000010129aa00 000000010129aa00
0x00007ffeee97fe80:   00007ffeee97ff30 00007fff6d1544ff
0x00007ffeee97fe90:   ffff80558cbcde70 f6a1800070001000
0x00007ffeee97fea0:   00007fff9fceffff 00007faa73803010
0x00007ffeee97feb0:   a3a3a3a3a3a3a3a3 0000000000000002
0x00007ffeee97fec0:   00007faa00000005 00007faa73803000
0x00007ffeee97fed0:   00007ffeee980310 00007fff6b76f48a
0x00007ffeee97fee0:   0000000000000000 0000000000000000
0x00007ffeee97fef0:   0000000000000000 0000000000000001 

Instructions: (pc=0x0000000119430645)
0x0000000119430625:   8b 35 7d 9e 03 00 4c 8b 25 4e 1b 03 00 41 ff d4
0x0000000119430635:   48 8b 35 1c 9e 03 00 48 89 c7 41 ff d4 49 89 c7
0x0000000119430645:   48 8b 03 4c 8b a8 e8 01 00 00 48 8b 05 4a b3 03
0x0000000119430655:   00 4d 8b 34 06 48 8b 3d 7f b0 03 00 48 8b 35 78 

Register to memory mapping:

RAX=0x00007faa7347b860 is an unknown value
RBX=0x0000000000000000 is an unknown value
RCX=0x0000000000000008 is an unknown value
RDX=0x0000000000000000 is an unknown value
RSP=0x00007ffeee97fd00 is an unknown value
RBP=0x00007ffeee980130 is an unknown value
RSI=0x00007fff3ed3c598: GCC_except_table7+0x24 in /System/Library/Frameworks/AppKit.framework/Versions/C/AppKit at 0x00007fff3e19f000
RDI=0x00007faa73803088 is an unknown value
R8 =0x0000000000000000 is an unknown value
R9 =0x00007faa7347b860 is an unknown value
R10=0x00007fff98fac2c0: OBJC_CLASS_$_NSAutoreleasePool+0 in /System/Library/Frameworks/Foundation.framework/Versions/C/Foundation at 0x00007fff42d6d000
R11=0x00007faa7340b8a0 is an unknown value
R12=0x00007fff6b76c680: objc_msgSend+0 in /usr/lib/libobjc.A.dylib at 0x00007fff6b766000
R13=0x0000000000000000 is an unknown value
R14=0x00007faa7354b720 is an unknown value
R15=0x00007faa7347b860 is an unknown value


Stack: [0x00007ffeee185000,0x00007ffeee985000],  sp=0x00007ffeee97fd00,  free space=8171k
Native frames: (J=compiled Java code, j=interpreted, Vv=VM code, C=native code)
C  [libglass.dylib+0x5645]  -[GlassApplication applicationWillHide:]+0xd5
C  [CoreFoundation+0x9daf6]  __CFNOTIFICATIONCENTER_IS_CALLING_OUT_TO_AN_OBSERVER__+0xc
C  [CoreFoundation+0x9da70]  ___CFXRegistrationPost_block_invoke+0x3f
C  [CoreFoundation+0x9d9da]  _CFXRegistrationPost+0x194
C  [CoreFoundation+0xa5e88]  ___CFXNotificationPost_block_invoke+0x57
C  [CoreFoundation+0xe8d4]  -[_CFXNotificationRegistrar find:object:observer:enumerator:]+0x66a
C  [CoreFoundation+0xdc87]  _CFXNotificationPost+0x2dc
C  [Foundation+0x12217]  -[NSNotificationCenter postNotificationName:object:userInfo:]+0x42
C  [AppKit+0x56c13]  -[NSApplication _doHideMaybeFakingIt:]+0x111
C  [AppKit+0x56a7d]  _hideShowHandler+0x89
C  [HIToolbox+0x8a6e]  DispatchEventToHandlers(EventTargetRec*, OpaqueEventRef*, HandlerCallRec*)+0x58e
C  [HIToolbox+0x7e1f]  SendEventToEventTargetInternal(OpaqueEventRef*, OpaqueEventTargetRef*, HandlerCallRec*)+0x173
C  [HIToolbox+0x24fc6]  SendEventToEventTarget+0x27
C  [AppKit+0x1b519]  _DPSNextEvent+0x8e3
C  [AppKit+0x19d93]  -[NSApplication(NSEvent) _nextEventMatchingEventMask:untilDate:inMode:dequeue:]+0x551
C  [AppKit+0x13eb0]  -[NSApplication run]+0x2bb
C  [libosxapp.dylib+0x1f72]  +[NSApplicationAWT runAWTLoopWithApp:]+0x9c
C  [libawt_lwawt.dylib+0x4711f]  -[AWTStarter starter:]+0x389
C  [Foundation+0xb0972]  __NSThreadPerformPerform+0x148
C  [CoreFoundation+0x575e3]  __CFRUNLOOP_IS_CALLING_OUT_TO_A_SOURCE0_PERFORM_FUNCTION__+0x11
C  [CoreFoundation+0x57589]  __CFRunLoopDoSource0+0x6c
C  [CoreFoundation+0x3af3b]  __CFRunLoopDoSources0+0xc3
C  [CoreFoundation+0x3a505]  __CFRunLoopRun+0x4a5
C  [CoreFoundation+0x39e0e]  CFRunLoopRunSpecific+0x1c7
C  [java+0x6472]  CreateExecutionEnvironment+0x367
C  [java+0x207c]  JLI_Launch+0x7a0
C  [java+0x84cf]  main+0x65
C  [java+0x18d4]  start+0x34


---------------  P R O C E S S  ---------------

VM state:not at safepoint (normal execution)

VM Mutex/Monitor currently owned by a thread: None

Heap:
 PSYoungGen      total 38400K, used 29499K [0x0000000795580000, 0x0000000798000000, 0x00000007c0000000)
  eden space 33280K, 88% used [0x0000000795580000,0x000000079724ee70,0x0000000797600000)
  from space 5120K, 0% used [0x0000000797b00000,0x0000000797b00000,0x0000000798000000)
  to   space 5120K, 0% used [0x0000000797600000,0x0000000797600000,0x0000000797b00000)
 ParOldGen       total 87552K, used 0K [0x0000000740000000, 0x0000000745580000, 0x0000000795580000)
  object space 87552K, 0% used [0x0000000740000000,0x0000000740000000,0x0000000745580000)
 Metaspace       used 12427K, capacity 12904K, committed 13056K, reserved 1060864K
  class space    used 1560K, capacity 1697K, committed 1792K, reserved 1048576K

Card table byte_map: [0x0000000102fc0000,0x00000001033c1000] byte_map_base: 0x00000000ff5c0000

Marking Bits: (ParMarkBitMap*) 0x0000000101ba76e0
 Begin Bits: [0x000000011340d000, 0x000000011540d000)
 End Bits:   [0x000000011540d000, 0x000000011740d000)

Polling page: 0x00000001022a2000

CodeCache: size=245760Kb used=2954Kb max_used=2954Kb free=242805Kb
 bounds [0x000000010440d000, 0x00000001046fd000, 0x000000011340d000]
 total_blobs=1308 nmethods=745 adapters=477
 compilation: enabled

Compilation events (10 events):
Event: 6.820 Thread 0x00007faa7483f000  741   !   3       java.lang.StringCoding::encode (120 bytes)
Event: 6.822 Thread 0x00007faa7483f000 nmethod 741 0x00000001046ee090 code [0x00000001046ee3e0, 0x00000001046efe18]
Event: 6.823 Thread 0x00007faa7483f000  742       1       java.nio.charset.CharsetEncoder::maxBytesPerChar (5 bytes)
Event: 6.823 Thread 0x00007faa7483f000 nmethod 742 0x00000001046dcfd0 code [0x00000001046dd120, 0x00000001046dd230]
Event: 6.826 Thread 0x00007faa7483f000  743       3       sun.invoke.util.BytecodeDescriptor::unparse (18 bytes)
Event: 6.827 Thread 0x00007faa7483f000 nmethod 743 0x00000001046dc710 code [0x00000001046dc8c0, 0x00000001046dcdb8]
Event: 6.827 Thread 0x00007faa7483f000  744       3       java.lang.StringCoding::access$000 (6 bytes)
Event: 6.827 Thread 0x00007faa7483f000 nmethod 744 0x00000001046dc350 code [0x00000001046dc4c0, 0x00000001046dc670]
Event: 6.827 Thread 0x00007faa7483f000  745       3       java.lang.StringCoding::scale (7 bytes)
Event: 6.827 Thread 0x00007faa7483f000 nmethod 745 0x00000001046dc010 code [0x00000001046dc180, 0x00000001046dc2f0]

GC Heap History (0 events):
No events

Deoptimization events (3 events):
Event: 0.749 Thread 0x00007faa748c6800 Uncommon trap: reason=unstable_if action=reinterpret pc=0x00000001045cb9a0 method=java.lang.String.replace(CC)Ljava/lang/String; @ 26
Event: 0.877 Thread 0x00007faa748c6800 Uncommon trap: reason=unstable_if action=reinterpret pc=0x00000001045e173c method=java.lang.String.indexOf([CII[CIII)I @ 134
Event: 1.262 Thread 0x00007faa751a9800 Uncommon trap: reason=unstable_if action=reinterpret pc=0x0000000104662f7c method=sun.net.www.ParseUtil.encodePath(Ljava/lang/String;Z)Ljava/lang/String; @ 109

Classes redefined (0 events):
No events

Internal exceptions (10 events):
Event: 0.042 Thread 0x00007faa73807000 Exception <a 'java/lang/NoSuchMethodError': Method sun.misc.Unsafe.prefetchRead(Ljava/lang/Object;J)V name or signature does not match> (0x0000000795587f98) thrown at [/Users/java_re/workspace/8-2-build-macosx-x86_64/jdk8u171/10807/hotspot/src/share/vm/pr
Event: 0.277 Thread 0x00007faa73807000 Exception <a 'java/lang/NoSuchFieldError': method resolution failed> (0x000000079599b7c8) thrown at [/Users/java_re/workspace/8-2-build-macosx-x86_64/jdk8u171/10807/hotspot/src/share/vm/prims/methodHandles.cpp, line 1167]
Event: 0.293 Thread 0x00007faa73807000 Exception <a 'java/lang/NoSuchFieldError': method resolution failed> (0x00000007959a93e8) thrown at [/Users/java_re/workspace/8-2-build-macosx-x86_64/jdk8u171/10807/hotspot/src/share/vm/prims/methodHandles.cpp, line 1167]
Event: 0.342 Thread 0x00007faa73807000 Exception <a 'java/security/PrivilegedActionException'> (0x0000000795a58550) thrown at [/Users/java_re/workspace/8-2-build-macosx-x86_64/jdk8u171/10807/hotspot/src/share/vm/prims/jvm.cpp, line 1435]
Event: 0.342 Thread 0x00007faa73807000 Exception <a 'java/security/PrivilegedActionException'> (0x0000000795a58760) thrown at [/Users/java_re/workspace/8-2-build-macosx-x86_64/jdk8u171/10807/hotspot/src/share/vm/prims/jvm.cpp, line 1435]
Event: 0.342 Thread 0x00007faa73807000 Exception <a 'java/security/PrivilegedActionException'> (0x0000000795a5ba90) thrown at [/Users/java_re/workspace/8-2-build-macosx-x86_64/jdk8u171/10807/hotspot/src/share/vm/prims/jvm.cpp, line 1435]
Event: 0.342 Thread 0x00007faa73807000 Exception <a 'java/security/PrivilegedActionException'> (0x0000000795a5bca0) thrown at [/Users/java_re/workspace/8-2-build-macosx-x86_64/jdk8u171/10807/hotspot/src/share/vm/prims/jvm.cpp, line 1435]
Event: 0.342 Thread 0x00007faa73807000 Exception <a 'java/lang/NullPointerException'> (0x0000000795a5c8c0) thrown at [/Users/java_re/workspace/8-2-build-macosx-x86_64/jdk8u171/10807/hotspot/src/share/vm/interpreter/linkResolver.cpp, line 1185]
Event: 0.839 Thread 0x00007faa748c6800 Exception <a 'java/lang/NullPointerException'> (0x00000007967f3948) thrown at [/Users/java_re/workspace/8-2-build-macosx-x86_64/jdk8u171/10807/hotspot/src/share/vm/interpreter/linkResolver.cpp, line 1185]
Event: 0.839 Thread 0x00007faa748c6800 Exception <a 'java/lang/NullPointerException'> (0x00000007967f3948) thrown at [/Users/java_re/workspace/8-2-build-macosx-x86_64/jdk8u171/10807/hotspot/src/share/vm/prims/jvm.cpp, line 1439]

Events (10 events):
Event: 6.827 loading class java/lang/ProcessEnvironment$Variable
Event: 6.827 loading class java/lang/ProcessEnvironment$ExternalData
Event: 6.827 loading class java/lang/ProcessEnvironment$ExternalData done
Event: 6.827 loading class java/lang/ProcessEnvironment$Variable done
Event: 6.827 loading class java/lang/ProcessEnvironment$Value
Event: 6.827 loading class java/lang/ProcessEnvironment$Value done
Event: 6.827 loading class java/lang/ProcessEnvironment$StringEnvironment
Event: 6.827 loading class java/lang/ProcessEnvironment$StringEnvironment done
Event: 6.827 loading class java/util/Collections$UnmodifiableMap
Event: 6.827 loading class java/util/Collections$UnmodifiableMap done


Dynamic libraries:
0x000000001550d000 	/System/Library/Frameworks/Cocoa.framework/Versions/A/Cocoa
0x000000001550d000 	/System/Library/Frameworks/Security.framework/Versions/A/Security
0x000000001550d000 	/System/Library/Frameworks/ApplicationServices.framework/Versions/A/ApplicationServices
0x000000001550d000 	/usr/lib/libz.1.dylib
0x000000001550d000 	/usr/lib/libSystem.B.dylib
0x000000001550d000 	/usr/lib/libobjc.A.dylib
0x000000001550d000 	/System/Library/Frameworks/CoreFoundation.framework/Versions/A/CoreFoundation
0x000000001550d000 	/System/Library/Frameworks/Foundation.framework/Versions/C/Foundation
0x000000001550d000 	/System/Library/Frameworks/AppKit.framework/Versions/C/AppKit
0x000000001550d000 	/System/Library/Frameworks/CoreData.framework/Versions/A/CoreData
0x000000001550d000 	/System/Library/PrivateFrameworks/RemoteViewServices.framework/Versions/A/RemoteViewServices
0x000000001550d000 	/System/Library/PrivateFrameworks/UIFoundation.framework/Versions/A/UIFoundation
0x000000001550d000 	/System/Library/PrivateFrameworks/XCTTargetBootstrap.framework/Versions/A/XCTTargetBootstrap
0x000000001550d000 	/System/Library/PrivateFrameworks/IconServices.framework/Versions/A/IconServices
0x000000001550d000 	/System/Library/Frameworks/Metal.framework/Versions/A/Metal
0x000000001550d000 	/System/Library/PrivateFrameworks/DesktopServicesPriv.framework/Versions/A/DesktopServicesPriv
0x000000001550d000 	/usr/lib/libenergytrace.dylib
0x000000001550d000 	/System/Library/PrivateFrameworks/SkyLight.framework/Versions/A/SkyLight
0x000000001550d000 	/System/Library/Frameworks/CoreGraphics.framework/Versions/A/CoreGraphics
0x000000001550d000 	/System/Library/Frameworks/Accelerate.framework/Versions/A/Accelerate
0x000000001550d000 	/System/Library/Frameworks/IOSurface.framework/Versions/A/IOSurface
0x000000001550d000 	/System/Library/PrivateFrameworks/DFRFoundation.framework/Versions/A/DFRFoundation
0x000000001550d000 	/System/Library/Frameworks/AudioToolbox.framework/Versions/A/AudioToolbox
0x000000001550d000 	/System/Library/Frameworks/AudioUnit.framework/Versions/A/AudioUnit
0x000000001550d000 	/System/Library/PrivateFrameworks/DataDetectorsCore.framework/Versions/A/DataDetectorsCore
0x000000001550d000 	/System/Library/Frameworks/Carbon.framework/Versions/A/Frameworks/HIToolbox.framework/Versions/A/HIToolbox
0x000000001550d000 	/usr/lib/libicucore.A.dylib
0x000000001550d000 	/System/Library/Frameworks/QuartzCore.framework/Versions/A/QuartzCore
0x000000001550d000 	/System/Library/Frameworks/Carbon.framework/Versions/A/Frameworks/SpeechRecognition.framework/Versions/A/SpeechRecognition
0x000000001550d000 	/usr/lib/libauto.dylib
0x000000001550d000 	/usr/lib/libxml2.2.dylib
0x000000001550d000 	/System/Library/PrivateFrameworks/CoreUI.framework/Versions/A/CoreUI
0x000000001550d000 	/System/Library/Frameworks/CoreAudio.framework/Versions/A/CoreAudio
0x000000001550d000 	/System/Library/Frameworks/DiskArbitration.framework/Versions/A/DiskArbitration
0x000000001550d000 	/usr/lib/liblangid.dylib
0x000000001550d000 	/System/Library/PrivateFrameworks/MultitouchSupport.framework/Versions/A/MultitouchSupport
0x000000001550d000 	/System/Library/Frameworks/IOKit.framework/Versions/A/IOKit
0x000000001550d000 	/usr/lib/libDiagnosticMessagesClient.dylib
0x000000001550d000 	/System/Library/Frameworks/CoreServices.framework/Versions/A/CoreServices
0x000000001550d000 	/System/Library/PrivateFrameworks/PerformanceAnalysis.framework/Versions/A/PerformanceAnalysis
0x000000001550d000 	/System/Library/Frameworks/OpenGL.framework/Versions/A/OpenGL
0x000000001550d000 	/System/Library/Frameworks/ColorSync.framework/Versions/A/ColorSync
0x000000001550d000 	/System/Library/Frameworks/CoreImage.framework/Versions/A/CoreImage
0x000000001550d000 	/System/Library/Frameworks/CoreText.framework/Versions/A/CoreText
0x000000001550d000 	/System/Library/Frameworks/ImageIO.framework/Versions/A/ImageIO
0x000000001550d000 	/System/Library/PrivateFrameworks/Backup.framework/Versions/A/Backup
0x000000001550d000 	/usr/lib/libarchive.2.dylib
0x000000001550d000 	/System/Library/Frameworks/CFNetwork.framework/Versions/A/CFNetwork
0x000000001550d000 	/System/Library/Frameworks/SystemConfiguration.framework/Versions/A/SystemConfiguration
0x000000001550d000 	/usr/lib/libCRFSuite.dylib
0x000000001550d000 	/usr/lib/libc++.1.dylib
0x000000001550d000 	/usr/lib/libc++abi.dylib
0x000000001550d000 	/usr/lib/system/libcache.dylib
0x000000001550d000 	/usr/lib/system/libcommonCrypto.dylib
0x000000001550d000 	/usr/lib/system/libcompiler_rt.dylib
0x000000001550d000 	/usr/lib/system/libcopyfile.dylib
0x000000001550d000 	/usr/lib/system/libcorecrypto.dylib
0x000000001550d000 	/usr/lib/system/libdispatch.dylib
0x000000001550d000 	/usr/lib/system/libdyld.dylib
0x000000001550d000 	/usr/lib/system/libkeymgr.dylib
0x000000001550d000 	/usr/lib/system/liblaunch.dylib
0x000000001550d000 	/usr/lib/system/libmacho.dylib
0x000000001550d000 	/usr/lib/system/libquarantine.dylib
0x000000001550d000 	/usr/lib/system/libremovefile.dylib
0x000000001550d000 	/usr/lib/system/libsystem_asl.dylib
0x000000001550d000 	/usr/lib/system/libsystem_blocks.dylib
0x000000001550d000 	/usr/lib/system/libsystem_c.dylib
0x000000001550d000 	/usr/lib/system/libsystem_configuration.dylib
0x000000001550d000 	/usr/lib/system/libsystem_coreservices.dylib
0x000000001550d000 	/usr/lib/system/libsystem_darwin.dylib
0x000000001550d000 	/usr/lib/system/libsystem_dnssd.dylib
0x000000001550d000 	/usr/lib/system/libsystem_info.dylib
0x000000001550d000 	/usr/lib/system/libsystem_m.dylib
0x000000001550d000 	/usr/lib/system/libsystem_malloc.dylib
0x000000001550d000 	/usr/lib/system/libsystem_networkextension.dylib
0x000000001550d000 	/usr/lib/system/libsystem_notify.dylib
0x000000001550d000 	/usr/lib/system/libsystem_sandbox.dylib
0x000000001550d000 	/usr/lib/system/libsystem_secinit.dylib
0x000000001550d000 	/usr/lib/system/libsystem_kernel.dylib
0x000000001550d000 	/usr/lib/system/libsystem_platform.dylib
0x000000001550d000 	/usr/lib/system/libsystem_pthread.dylib
0x000000001550d000 	/usr/lib/system/libsystem_symptoms.dylib
0x000000001550d000 	/usr/lib/system/libsystem_trace.dylib
0x000000001550d000 	/usr/lib/system/libunwind.dylib
0x000000001550d000 	/usr/lib/system/libxpc.dylib
0x000000001550d000 	/usr/lib/libbsm.0.dylib
0x000000001550d000 	/usr/lib/system/libkxld.dylib
0x000000001550d000 	/System/Library/PrivateFrameworks/AppleFSCompression.framework/Versions/A/AppleFSCompression
0x000000001550d000 	/usr/lib/libOpenScriptingUtil.dylib
0x000000001550d000 	/usr/lib/libcoretls.dylib
0x000000001550d000 	/usr/lib/libcoretls_cfhelpers.dylib
0x000000001550d000 	/usr/lib/libpam.2.dylib
0x000000001550d000 	/usr/lib/libsqlite3.dylib
0x000000001550d000 	/usr/lib/libxar.1.dylib
0x000000001550d000 	/usr/lib/libbz2.1.0.dylib
0x000000001550d000 	/usr/lib/liblzma.5.dylib
0x000000001550d000 	/usr/lib/libnetwork.dylib
0x000000001550d000 	/usr/lib/libapple_nghttp2.dylib
0x000000001550d000 	/usr/lib/libpcap.A.dylib
0x000000001550d000 	/System/Library/Frameworks/CoreServices.framework/Versions/A/Frameworks/FSEvents.framework/Versions/A/FSEvents
0x000000001550d000 	/System/Library/Frameworks/CoreServices.framework/Versions/A/Frameworks/CarbonCore.framework/Versions/A/CarbonCore
0x000000001550d000 	/System/Library/Frameworks/CoreServices.framework/Versions/A/Frameworks/Metadata.framework/Versions/A/Metadata
0x000000001550d000 	/System/Library/Frameworks/CoreServices.framework/Versions/A/Frameworks/OSServices.framework/Versions/A/OSServices
0x000000001550d000 	/System/Library/Frameworks/CoreServices.framework/Versions/A/Frameworks/SearchKit.framework/Versions/A/SearchKit
0x000000001550d000 	/System/Library/Frameworks/CoreServices.framework/Versions/A/Frameworks/AE.framework/Versions/A/AE
0x000000001550d000 	/System/Library/Frameworks/CoreServices.framework/Versions/A/Frameworks/LaunchServices.framework/Versions/A/LaunchServices
0x000000001550d000 	/System/Library/Frameworks/CoreServices.framework/Versions/A/Frameworks/DictionaryServices.framework/Versions/A/DictionaryServices
0x000000001550d000 	/System/Library/Frameworks/CoreServices.framework/Versions/A/Frameworks/SharedFileList.framework/Versions/A/SharedFileList
0x000000001550d000 	/System/Library/Frameworks/NetFS.framework/Versions/A/NetFS
0x000000001550d000 	/System/Library/PrivateFrameworks/NetAuth.framework/Versions/A/NetAuth
0x000000001550d000 	/System/Library/PrivateFrameworks/login.framework/Versions/A/Frameworks/loginsupport.framework/Versions/A/loginsupport
0x000000001550d000 	/System/Library/PrivateFrameworks/TCC.framework/Versions/A/TCC
0x000000001550d000 	/System/Library/PrivateFrameworks/CoreNLP.framework/Versions/A/CoreNLP
0x000000001550d000 	/System/Library/PrivateFrameworks/MetadataUtilities.framework/Versions/A/MetadataUtilities
0x000000001550d000 	/usr/lib/libmecabra.dylib
0x000000001550d000 	/System/Library/Frameworks/ApplicationServices.framework/Versions/A/Frameworks/ATS.framework/Versions/A/ATS
0x000000001550d000 	/System/Library/Frameworks/ApplicationServices.framework/Versions/A/Frameworks/ColorSyncLegacy.framework/Versions/A/ColorSyncLegacy
0x000000001550d000 	/System/Library/Frameworks/ApplicationServices.framework/Versions/A/Frameworks/HIServices.framework/Versions/A/HIServices
0x000000001550d000 	/System/Library/Frameworks/ApplicationServices.framework/Versions/A/Frameworks/LangAnalysis.framework/Versions/A/LangAnalysis
0x000000001550d000 	/System/Library/Frameworks/ApplicationServices.framework/Versions/A/Frameworks/PrintCore.framework/Versions/A/PrintCore
0x000000001550d000 	/System/Library/Frameworks/ApplicationServices.framework/Versions/A/Frameworks/QD.framework/Versions/A/QD
0x000000001550d000 	/System/Library/Frameworks/ApplicationServices.framework/Versions/A/Frameworks/SpeechSynthesis.framework/Versions/A/SpeechSynthesis
0x000000001550d000 	/usr/lib/libcompression.dylib
0x000000001550d000 	/System/Library/Frameworks/CoreDisplay.framework/Versions/A/CoreDisplay
0x000000001550d000 	/System/Library/Frameworks/MetalPerformanceShaders.framework/Versions/A/MetalPerformanceShaders
0x000000001550d000 	/System/Library/Frameworks/Accelerate.framework/Versions/A/Frameworks/vImage.framework/Versions/A/vImage
0x000000001550d000 	/System/Library/Frameworks/Accelerate.framework/Versions/A/Frameworks/vecLib.framework/Versions/A/vecLib
0x000000001550d000 	/System/Library/Frameworks/Accelerate.framework/Versions/A/Frameworks/vecLib.framework/Versions/A/libvMisc.dylib
0x000000001550d000 	/System/Library/Frameworks/Accelerate.framework/Versions/A/Frameworks/vecLib.framework/Versions/A/libvDSP.dylib
0x000000001550d000 	/System/Library/Frameworks/Accelerate.framework/Versions/A/Frameworks/vecLib.framework/Versions/A/libBLAS.dylib
0x000000001550d000 	/System/Library/Frameworks/Accelerate.framework/Versions/A/Frameworks/vecLib.framework/Versions/A/libLAPACK.dylib
0x000000001550d000 	/System/Library/Frameworks/Accelerate.framework/Versions/A/Frameworks/vecLib.framework/Versions/A/libLinearAlgebra.dylib
0x000000001550d000 	/System/Library/Frameworks/Accelerate.framework/Versions/A/Frameworks/vecLib.framework/Versions/A/libSparseBLAS.dylib
0x000000001550d000 	/System/Library/Frameworks/Accelerate.framework/Versions/A/Frameworks/vecLib.framework/Versions/A/libQuadrature.dylib
0x000000001550d000 	/System/Library/Frameworks/Accelerate.framework/Versions/A/Frameworks/vecLib.framework/Versions/A/libBNNS.dylib
0x000000001550d000 	/System/Library/Frameworks/Accelerate.framework/Versions/A/Frameworks/vecLib.framework/Versions/A/libSparse.dylib
0x000000001550d000 	/System/Library/PrivateFrameworks/GPUWrangler.framework/Versions/A/GPUWrangler
0x000000001550d000 	/System/Library/PrivateFrameworks/IOAccelerator.framework/Versions/A/IOAccelerator
0x000000001550d000 	/System/Library/PrivateFrameworks/IOPresentment.framework/Versions/A/IOPresentment
0x000000001550d000 	/System/Library/PrivateFrameworks/DSExternalDisplay.framework/Versions/A/DSExternalDisplay
0x000000001550d000 	/System/Library/Frameworks/OpenGL.framework/Versions/A/Libraries/libCoreFSCache.dylib
0x000000001550d000 	/System/Library/Frameworks/MetalPerformanceShaders.framework/Frameworks/MPSCore.framework/Versions/A/MPSCore
0x000000001550d000 	/System/Library/Frameworks/MetalPerformanceShaders.framework/Frameworks/MPSImage.framework/Versions/A/MPSImage
0x000000001550d000 	/System/Library/Frameworks/MetalPerformanceShaders.framework/Frameworks/MPSNeuralNetwork.framework/Versions/A/MPSNeuralNetwork
0x000000001550d000 	/System/Library/Frameworks/MetalPerformanceShaders.framework/Frameworks/MPSMatrix.framework/Versions/A/MPSMatrix
0x000000001550d000 	/System/Library/Frameworks/MetalPerformanceShaders.framework/Frameworks/MPSRayIntersector.framework/Versions/A/MPSRayIntersector
0x000000001550d000 	/System/Library/PrivateFrameworks/MetalTools.framework/Versions/A/MetalTools
0x000000001550d000 	/System/Library/PrivateFrameworks/AggregateDictionary.framework/Versions/A/AggregateDictionary
0x000000001550d000 	/usr/lib/libMobileGestalt.dylib
0x000000001550d000 	/System/Library/Frameworks/CoreVideo.framework/Versions/A/CoreVideo
0x000000001550d000 	/System/Library/PrivateFrameworks/GraphVisualizer.framework/Versions/A/GraphVisualizer
0x000000001550d000 	/System/Library/PrivateFrameworks/FaceCore.framework/Versions/A/FaceCore
0x000000001550d000 	/System/Library/Frameworks/OpenCL.framework/Versions/A/OpenCL
0x000000001550d000 	/usr/lib/libFosl_dynamic.dylib
0x000000001550d000 	/System/Library/PrivateFrameworks/OTSVG.framework/Versions/A/OTSVG
0x000000001550d000 	/System/Library/Frameworks/ApplicationServices.framework/Versions/A/Frameworks/ATS.framework/Versions/A/Resources/libFontParser.dylib
0x000000001550d000 	/System/Library/Frameworks/ApplicationServices.framework/Versions/A/Frameworks/ATS.framework/Versions/A/Resources/libFontRegistry.dylib
0x000000001550d000 	/System/Library/Frameworks/ImageIO.framework/Versions/A/Resources/libJPEG.dylib
0x000000001550d000 	/System/Library/Frameworks/ImageIO.framework/Versions/A/Resources/libTIFF.dylib
0x000000001550d000 	/System/Library/Frameworks/ImageIO.framework/Versions/A/Resources/libPng.dylib
0x000000001550d000 	/System/Library/Frameworks/ImageIO.framework/Versions/A/Resources/libGIF.dylib
0x000000001550d000 	/System/Library/Frameworks/ImageIO.framework/Versions/A/Resources/libJP2.dylib
0x000000001550d000 	/System/Library/Frameworks/ImageIO.framework/Versions/A/Resources/libRadiance.dylib
0x000000001550d000 	/System/Library/PrivateFrameworks/AppleJPEG.framework/Versions/A/AppleJPEG
0x000000001550d000 	/System/Library/Frameworks/OpenGL.framework/Versions/A/Libraries/libGFXShared.dylib
0x000000001550d000 	/System/Library/Frameworks/OpenGL.framework/Versions/A/Libraries/libGLU.dylib
0x000000001550d000 	/System/Library/Frameworks/OpenGL.framework/Versions/A/Libraries/libGL.dylib
0x000000001550d000 	/System/Library/Frameworks/OpenGL.framework/Versions/A/Libraries/libGLImage.dylib
0x000000001550d000 	/System/Library/Frameworks/OpenGL.framework/Versions/A/Libraries/libCVMSPluginSupport.dylib
0x000000001550d000 	/System/Library/Frameworks/OpenGL.framework/Versions/A/Libraries/libCoreVMClient.dylib
0x000000001550d000 	/usr/lib/libcups.2.dylib
0x000000001550d000 	/System/Library/Frameworks/Kerberos.framework/Versions/A/Kerberos
0x000000001550d000 	/System/Library/Frameworks/GSS.framework/Versions/A/GSS
0x000000001550d000 	/usr/lib/libresolv.9.dylib
0x000000001550d000 	/usr/lib/libiconv.2.dylib
0x000000001550d000 	/System/Library/PrivateFrameworks/Heimdal.framework/Versions/A/Heimdal
0x000000001550d000 	/usr/lib/libheimdal-asn1.dylib
0x000000001550d000 	/System/Library/Frameworks/OpenDirectory.framework/Versions/A/OpenDirectory
0x000000001550d000 	/System/Library/PrivateFrameworks/CommonAuth.framework/Versions/A/CommonAuth
0x000000001550d000 	/System/Library/Frameworks/OpenDirectory.framework/Versions/A/Frameworks/CFOpenDirectory.framework/Versions/A/CFOpenDirectory
0x000000001550d000 	/System/Library/Frameworks/SecurityFoundation.framework/Versions/A/SecurityFoundation
0x000000001550d000 	/System/Library/PrivateFrameworks/APFS.framework/Versions/A/APFS
0x000000001550d000 	/usr/lib/libutil.dylib
0x000000001550d000 	/usr/lib/libcharset.1.dylib
0x000000001550d000 	/System/Library/PrivateFrameworks/AppleSauce.framework/Versions/A/AppleSauce
0x000000001550d000 	/System/Library/PrivateFrameworks/AssertionServices.framework/Versions/A/AssertionServices
0x000000001550d000 	/System/Library/PrivateFrameworks/BaseBoard.framework/Versions/A/BaseBoard
0x000000001550d000 	/usr/lib/libmecab.1.0.0.dylib
0x000000001550d000 	/usr/lib/libgermantok.dylib
0x000000001550d000 	/usr/lib/libThaiTokenizer.dylib
0x000000001550d000 	/usr/lib/libChineseTokenizer.dylib
0x000000001550d000 	/System/Library/PrivateFrameworks/LanguageModeling.framework/Versions/A/LanguageModeling
0x000000001550d000 	/System/Library/PrivateFrameworks/CoreEmoji.framework/Versions/A/CoreEmoji
0x000000001550d000 	/System/Library/PrivateFrameworks/Lexicon.framework/Versions/A/Lexicon
0x000000001550d000 	/System/Library/PrivateFrameworks/LinguisticData.framework/Versions/A/LinguisticData
0x000000001550d000 	/usr/lib/libcmph.dylib
0x000000001550d000 	/System/Library/Frameworks/ServiceManagement.framework/Versions/A/ServiceManagement
0x000000001550d000 	/System/Library/PrivateFrameworks/BackgroundTaskManagement.framework/Versions/A/BackgroundTaskManagement
0x000000001550d000 	/usr/lib/libxslt.1.dylib
0x000000001550d000 	/System/Library/Frameworks/Carbon.framework/Versions/A/Frameworks/Ink.framework/Versions/A/Ink
0x000000001550d000 	/System/Library/PrivateFrameworks/TextureIO.framework/Versions/A/TextureIO
0x000000001550d000 	/usr/lib/libate.dylib
0x000000001550d000 	/System/Library/PrivateFrameworks/CrashReporterSupport.framework/Versions/A/CrashReporterSupport
0x000000001550d000 	/System/Library/PrivateFrameworks/Sharing.framework/Versions/A/Sharing
0x000000001550d000 	/System/Library/PrivateFrameworks/AuthKit.framework/Versions/A/AuthKit
0x000000001550d000 	/System/Library/PrivateFrameworks/Apple80211.framework/Versions/A/Apple80211
0x000000001550d000 	/System/Library/PrivateFrameworks/CoreUtils.framework/Versions/A/CoreUtils
0x000000001550d000 	/System/Library/Frameworks/CoreWLAN.framework/Versions/A/CoreWLAN
0x000000001550d000 	/System/Library/Frameworks/IOBluetooth.framework/Versions/A/IOBluetooth
0x000000001550d000 	/System/Library/PrivateFrameworks/ProtocolBuffer.framework/Versions/A/ProtocolBuffer
0x000000001550d000 	/System/Library/PrivateFrameworks/MobileKeyBag.framework/Versions/A/MobileKeyBag
0x000000001550d000 	/System/Library/PrivateFrameworks/CorePhoneNumbers.framework/Versions/A/CorePhoneNumbers
0x000000001550d000 	/System/Library/PrivateFrameworks/AppleIDAuthSupport.framework/Versions/A/AppleIDAuthSupport
0x000000001550d000 	/System/Library/PrivateFrameworks/KeychainCircle.framework/Versions/A/KeychainCircle
0x000000001550d000 	/System/Library/PrivateFrameworks/ROCKit.framework/Versions/A/ROCKit
0x000000001550d000 	/System/Library/PrivateFrameworks/CoreWiFi.framework/Versions/A/CoreWiFi
0x000000001550d000 	/System/Library/Frameworks/CoreBluetooth.framework/Versions/A/CoreBluetooth
0x000000001550d000 	/System/Library/PrivateFrameworks/DebugSymbols.framework/Versions/A/DebugSymbols
0x000000001550d000 	/System/Library/PrivateFrameworks/CoreSymbolication.framework/Versions/A/CoreSymbolication
0x000000001550d000 	/System/Library/PrivateFrameworks/Symbolication.framework/Versions/A/Symbolication
0x000000001550d000 	/System/Library/PrivateFrameworks/SpeechRecognitionCore.framework/Versions/A/SpeechRecognitionCore
0x00000001012b0000 	/Library/Java/JavaVirtualMachines/jdk1.8.0_171.jdk/Contents/Home/jre/lib/server/libjvm.dylib
0x000000001550d000 	/usr/lib/libstdc++.6.dylib
0x000000010225e000 	/Library/Java/JavaVirtualMachines/jdk1.8.0_171.jdk/Contents/Home/jre/lib/libverify.dylib
0x000000010226c000 	/Library/Java/JavaVirtualMachines/jdk1.8.0_171.jdk/Contents/Home/jre/lib/libjava.dylib
0x00000001022a3000 	/Library/Java/JavaVirtualMachines/jdk1.8.0_171.jdk/Contents/Home/jre/lib/libinstrument.dylib
0x0000000102340000 	/Library/Java/JavaVirtualMachines/jdk1.8.0_171.jdk/Contents/Home/jre/lib/libzip.dylib
0x00000001186c9000 	/Library/Java/JavaVirtualMachines/jdk1.8.0_171.jdk/Contents/Home/jre/lib/libnet.dylib
0x0000000118841000 	/Library/Java/JavaVirtualMachines/jdk1.8.0_171.jdk/Contents/Home/jre/lib/libprism_es2.dylib
0x000000001550d000 	/System/Library/PrivateFrameworks/CoreServicesInternal.framework/Versions/A/CoreServicesInternal
0x000000001550d000 	/System/Library/Frameworks/OpenGL.framework/Versions/A/Resources/GLEngine.bundle/GLEngine
0x000000001550d000 	/System/Library/Frameworks/OpenGL.framework/Versions/A/Libraries/libGLProgrammability.dylib
0x000000001550d000 	/System/Library/Extensions/AppleIntelHD5000GraphicsGLDriver.bundle/Contents/MacOS/AppleIntelHD5000GraphicsGLDriver
0x000000001550d000 	/System/Library/PrivateFrameworks/GPUSupport.framework/Versions/A/Libraries/libGPUSupportMercury.dylib
0x000000001550d000 	/System/Library/Frameworks/OpenGL.framework/Versions/A/Resources/GLRendererFloat.bundle/GLRendererFloat
0x000000001550d000 	/System/Library/Frameworks/OpenCL.framework/Versions/A/Libraries/libcldcpuengine.dylib
0x000000001550d000 	/usr/lib/libcrypto.35.dylib
0x000000001550d000 	/System/Library/PrivateFrameworks/TrustEvaluationAgent.framework/Versions/A/TrustEvaluationAgent
0x000000011942b000 	/Library/Java/JavaVirtualMachines/jdk1.8.0_171.jdk/Contents/Home/jre/lib/libglass.dylib
0x000000001550d000 	/System/Library/CoreServices/RawCamera.bundle/Contents/MacOS/RawCamera
0x000000001550d000 	/System/Library/PrivateFrameworks/MobileAsset.framework/Versions/A/MobileAsset
0x000000001550d000 	/System/Library/PrivateFrameworks/StreamingZip.framework/Versions/A/StreamingZip
0x000000001550d000 	/System/Library/Frameworks/MediaToolbox.framework/Versions/A/MediaToolbox
0x000000001550d000 	/System/Library/PrivateFrameworks/CoreAVCHD.framework/Versions/A/CoreAVCHD
0x000000001550d000 	/System/Library/Frameworks/MediaAccessibility.framework/Versions/A/MediaAccessibility
0x000000001550d000 	/System/Library/PrivateFrameworks/Mangrove.framework/Versions/A/Mangrove
0x000000001550d000 	/System/Library/Frameworks/CoreMedia.framework/Versions/A/CoreMedia
0x000000001550d000 	/System/Library/Frameworks/VideoToolbox.framework/Versions/A/VideoToolbox
0x000000001550d000 	/System/Library/PrivateFrameworks/CoreAUC.framework/Versions/A/CoreAUC
0x000000001550d000 	/usr/lib/libspindump.dylib
0x000000001550d000 	/System/Library/PrivateFrameworks/AppleVA.framework/Versions/A/AppleVA
0x000000001550d000 	/System/Library/Frameworks/Accelerate.framework/Versions/A/Frameworks/vImage.framework/Versions/A/Libraries/libCGInterfaces.dylib
0x000000001550d000 	/System/Library/PrivateFrameworks/FamilyControls.framework/Versions/A/FamilyControls
0x000000001550d000 	/System/Library/PrivateFrameworks/CommerceKit.framework/Versions/A/Frameworks/CommerceCore.framework/Versions/A/CommerceCore
0x000000001550d000 	/System/Library/PrivateFrameworks/SystemAdministration.framework/Versions/A/SystemAdministration
0x000000001550d000 	/System/Library/PrivateFrameworks/AppContainer.framework/Versions/A/AppContainer
0x000000001550d000 	/System/Library/PrivateFrameworks/AppSandbox.framework/Versions/A/AppSandbox
0x000000001550d000 	/System/Library/PrivateFrameworks/SecCodeWrapper.framework/Versions/A/SecCodeWrapper
0x000000001550d000 	/usr/lib/libsandbox.1.dylib
0x000000001550d000 	/usr/lib/libMatch.1.dylib
0x000000001550d000 	/System/Library/PrivateFrameworks/DiskManagement.framework/Versions/A/DiskManagement
0x000000001550d000 	/System/Library/Frameworks/DirectoryService.framework/Versions/A/DirectoryService
0x000000001550d000 	/System/Library/PrivateFrameworks/DiskImages.framework/Versions/A/DiskImages
0x000000001550d000 	/System/Library/PrivateFrameworks/LoginUIKit.framework/Versions/A/Frameworks/LoginUICore.framework/Versions/A/LoginUICore
0x000000001550d000 	/usr/lib/libCoreStorage.dylib
0x000000001550d000 	/usr/lib/libcsfde.dylib
0x000000001550d000 	/usr/lib/libodfde.dylib
0x000000001550d000 	/System/Library/PrivateFrameworks/MediaKit.framework/Versions/A/MediaKit
0x000000001550d000 	/System/Library/Frameworks/DiscRecording.framework/Versions/A/DiscRecording
0x000000001550d000 	/System/Library/PrivateFrameworks/EFILogin.framework/Versions/A/EFILogin
0x000000001550d000 	/System/Library/PrivateFrameworks/ProtectedCloudStorage.framework/Versions/A/ProtectedCloudStorage
0x000000001550d000 	/usr/lib/libcurl.4.dylib
0x000000001550d000 	/usr/lib/libcrypto.42.dylib
0x000000001550d000 	/usr/lib/libssl.44.dylib
0x000000001550d000 	/System/Library/Frameworks/LDAP.framework/Versions/A/LDAP
0x000000001550d000 	/usr/lib/libsasl2.2.dylib
0x000000001550d000 	/System/Library/PrivateFrameworks/CoreDaemon.framework/Versions/B/CoreDaemon
0x000000001550d000 	/System/Library/PrivateFrameworks/AppleSRP.framework/Versions/A/AppleSRP
0x000000001550d000 	/System/Library/PrivateFrameworks/ViewBridge.framework/Versions/A/ViewBridge
0x000000011cf83000 	/Library/Java/JavaVirtualMachines/jdk1.8.0_171.jdk/Contents/Home/jre/lib/libjavafx_font.dylib
0x000000001550d000 	/System/Library/Frameworks/ApplicationServices.framework/Versions/A/Frameworks/ATS.framework/Versions/A/Resources/libTrueTypeScaler.dylib
0x0000000118b2e000 	/usr/lib/libobjc-trampolines.dylib
0x000000001550d000 	/System/Library/Extensions/AppleIntelHD5000GraphicsMTLDriver.bundle/Contents/MacOS/AppleIntelHD5000GraphicsMTLDriver
0x000000001550d000 	/System/Library/PrivateFrameworks/GPUCompiler.framework/Versions/3902/Libraries/libmetal_timestamp.dylib
0x000000011db22000 	/Library/Java/JavaVirtualMachines/jdk1.8.0_171.jdk/Contents/Home/jre/lib/libawt.dylib
0x000000011dbcc000 	/Library/Java/JavaVirtualMachines/jdk1.8.0_171.jdk/Contents/Home/jre/lib/./libmlib_image.dylib
0x000000001550d000 	/System/Library/Frameworks/JavaVM.framework/Versions/A/Frameworks/JavaNativeFoundation.framework/Versions/A/JavaNativeFoundation
0x000000001550d000 	/System/Library/Frameworks/JavaVM.framework/Versions/A/Frameworks/JavaRuntimeSupport.framework/Versions/A/JavaRuntimeSupport
0x000000001550d000 	/System/Library/Frameworks/JavaVM.framework/Versions/A/JavaVM
0x000000001550d000 	/System/Library/PrivateFrameworks/JavaLaunching.framework/Versions/A/JavaLaunching
0x000000001550d000 	/System/Library/Frameworks/Carbon.framework/Versions/A/Carbon
0x000000001550d000 	/System/Library/Frameworks/Carbon.framework/Versions/A/Frameworks/CommonPanels.framework/Versions/A/CommonPanels
0x000000001550d000 	/System/Library/Frameworks/Carbon.framework/Versions/A/Frameworks/Help.framework/Versions/A/Help
0x000000001550d000 	/System/Library/Frameworks/Carbon.framework/Versions/A/Frameworks/ImageCapture.framework/Versions/A/ImageCapture
0x000000001550d000 	/System/Library/Frameworks/Carbon.framework/Versions/A/Frameworks/OpenScripting.framework/Versions/A/OpenScripting
0x000000001550d000 	/System/Library/Frameworks/Carbon.framework/Versions/A/Frameworks/Print.framework/Versions/A/Print
0x000000001550d000 	/System/Library/Frameworks/Carbon.framework/Versions/A/Frameworks/SecurityHI.framework/Versions/A/SecurityHI
0x000000011dc98000 	/Library/Java/JavaVirtualMachines/jdk1.8.0_171.jdk/Contents/Home/jre/lib/libawt_lwawt.dylib
0x0000000118b3f000 	/Library/Java/JavaVirtualMachines/jdk1.8.0_171.jdk/Contents/Home/jre/lib/./libosxapp.dylib
0x000000001550d000 	/System/Library/Frameworks/ExceptionHandling.framework/Versions/A/ExceptionHandling

VM Arguments:
jvm_args: -javaagent:/Applications/IntelliJ IDEA.app/Contents/lib/idea_rt.jar=50980:/Applications/IntelliJ IDEA.app/Contents/bin -Dfile.encoding=UTF-8 
java_command: sample.Main
java_class_path (initial): /Library/Java/JavaVirtualMachines/jdk1.8.0_171.jdk/Contents/Home/jre/lib/charsets.jar:/Library/Java/JavaVirtualMachines/jdk1.8.0_171.jdk/Contents/Home/jre/lib/deploy.jar:/Library/Java/JavaVirtualMachines/jdk1.8.0_171.jdk/Contents/Home/jre/lib/ext/cldrdata.jar:/Library/Java/JavaVirtualMachines/jdk1.8.0_171.jdk/Contents/Home/jre/lib/ext/dnsns.jar:/Library/Java/JavaVirtualMachines/jdk1.8.0_171.jdk/Contents/Home/jre/lib/ext/jaccess.jar:/Library/Java/JavaVirtualMachines/jdk1.8.0_171.jdk/Contents/Home/jre/lib/ext/jfxrt.jar:/Library/Java/JavaVirtualMachines/jdk1.8.0_171.jdk/Contents/Home/jre/lib/ext/localedata.jar:/Library/Java/JavaVirtualMachines/jdk1.8.0_171.jdk/Contents/Home/jre/lib/ext/nashorn.jar:/Library/Java/JavaVirtualMachines/jdk1.8.0_171.jdk/Contents/Home/jre/lib/ext/sunec.jar:/Library/Java/JavaVirtualMachines/jdk1.8.0_171.jdk/Contents/Home/jre/lib/ext/sunjce_provider.jar:/Library/Java/JavaVirtualMachines/jdk1.8.0_171.jdk/Contents/Home/jre/lib/ext/sunpkcs11.jar:/Library/Java/JavaVirtualMachines/jdk1.8.0_171.jdk/Contents/Home/jre/lib/ext/zipfs.jar:/Library/Java/JavaVirtualMachines/jdk1.8.0_171.jdk/Contents/Home/jre/lib/javaws.jar:/Library/Java/JavaVirtualMachines/jdk1.8.0_171.jdk/Contents/Home/jre/lib/jce.jar:/Library/Java/JavaVirtualMachines/jdk1.8.0_171.jdk/Contents/Home/jre/lib/jfr.jar:/Library/Java/JavaVirtualMachines/jdk1.8.0_171.jdk/Contents/Home/jre/lib/jfxswt.jar:/Library/Java/JavaVirtualMachines/jdk1.8.0_171.jdk/Contents/Home/jre/lib/jsse.jar:/Library/Java/JavaVirtualMachines/jdk1.8.0_171.jdk/Contents/Home/jre/lib/management-agent.jar:/Library/Java/JavaVirtualMachines/jdk1.8.0_171.jdk/Contents/Home/jre/lib/plugin.jar:/Library/Java/JavaVirtualMachines/jdk1.8.0_171.jdk/Contents/Home/jre/lib/resources.jar:/Library/Java/JavaVirtualMachines/jdk1.8.0_171.jdk/Contents/Home/jre/lib/rt.jar:/Library/Java/JavaVirtualMachines/jdk1.8.0_171.jdk/Contents/Home/lib/ant-javafx.jar:/Library/Java/JavaVirtualMachines/jdk1.8.0_171.jdk/Contents/Home
Launcher Type: SUN_STANDARD

Environment Variables:
PATH=/usr/local/bin:/usr/bin:/bin:/usr/sbin:/sbin:/Applications/VMware Fusion.app/Contents/Public
SHELL=/bin/zsh

Signal Handlers:
SIGSEGV: [libjvm.dylib+0x5b512d], sa_mask[0]=11111111011111110111111111111111, sa_flags=SA_ONSTACK|SA_RESTART|SA_SIGINFO
SIGBUS: [libjvm.dylib+0x5b512d], sa_mask[0]=11111111011111110111111111111111, sa_flags=SA_RESTART|SA_SIGINFO
SIGFPE: [libjvm.dylib+0x48aa90], sa_mask[0]=11111111011111110111111111111111, sa_flags=SA_RESTART|SA_SIGINFO
SIGPIPE: [libjvm.dylib+0x48aa90], sa_mask[0]=11111111011111110111111111111111, sa_flags=SA_RESTART|SA_SIGINFO
SIGXFSZ: [libjvm.dylib+0x48aa90], sa_mask[0]=11111111011111110111111111111111, sa_flags=SA_RESTART|SA_SIGINFO
SIGILL: [libjvm.dylib+0x48aa90], sa_mask[0]=11111111011111110111111111111111, sa_flags=SA_RESTART|SA_SIGINFO
SIGUSR1: SIG_DFL, sa_mask[0]=00000000000000000000000000000000, sa_flags=none
SIGUSR2: [libjvm.dylib+0x48a5ae], sa_mask[0]=00100000000000000000000000000000, sa_flags=SA_RESTART|SA_SIGINFO
SIGHUP: [libjvm.dylib+0x488b79], sa_mask[0]=11111111011111110111111111111111, sa_flags=SA_RESTART|SA_SIGINFO
SIGINT: [libjvm.dylib+0x488b79], sa_mask[0]=11111111011111110111111111111111, sa_flags=SA_RESTART|SA_SIGINFO
SIGTERM: [libjvm.dylib+0x488b79], sa_mask[0]=11111111011111110111111111111111, sa_flags=SA_RESTART|SA_SIGINFO
SIGQUIT: [libjvm.dylib+0x488b79], sa_mask[0]=11111111011111110111111111111111, sa_flags=SA_RESTART|SA_SIGINFO


---------------  S Y S T E M  ---------------

OS:Bsduname:Darwin 18.5.0 Darwin Kernel Version 18.5.0: Mon Mar 11 20:40:32 PDT 2019; root:xnu-4903.251.3~3/RELEASE_X86_64 x86_64
rlimit: STACK 8192k, CORE 0k, NPROC 709, NOFILE 10240, AS infinity
load average:1.96 2.00 1.94

CPU:total 4 (initial active 4) (2 cores per cpu, 2 threads per core) family 6 model 60 stepping 3, cmov, cx8, fxsr, mmx, sse, sse2, sse3, ssse3, sse4.1, sse4.2, popcnt, avx, avx2, aes, clmul, erms, lzcnt, ht, tsc, tscinvbit, bmi1, bmi2

Memory: 4k page, physical 8388608k(311900k free)

/proc/meminfo:


vm_info: Java HotSpot(TM) 64-Bit Server VM (25.171-b11) for bsd-amd64 JRE (1.8.0_171-b11), built on Mar 28 2018 12:50:57 by "java_re" with gcc 4.2.1 (Based on Apple Inc. build 5658) (LLVM build 2336.11.00)

time: Thu Aug  8 20:04:44 2019
elapsed time: 6 seconds (0d 0h 0m 6s)

